Using pre-set license
Built from '2022.3/staging' branch; Version is '2022.3.30f1 (70558241b701) revision 7361922'; Using compiler version '192829333'; Build Type 'Release'
OS: 'Windows 11  (10.0.22631) 64bit Core' Language: 'pt' Physical Memory: 32610 MB
BatchMode: 1, IsHumanControllingUs: 0, StartBugReporterOnCrash: 0, Is64bit: 1, IsPro: 1

COMMAND LINE ARGUMENTS:
C:\Program Files\Unity\Hub\Editor\2022.3.30f1\Editor\Unity.exe
-adb2
-batchMode
-noUpm
-name
AssetImportWorker8
-projectPath
C:/Users/Mauro Cunha/ZombieFPSbyMauro
-logFile
Logs/AssetImportWorker8.log
-srvPort
51525
Successfully changed project path to: C:/Users/Mauro Cunha/ZombieFPSbyMauro
C:/Users/Mauro Cunha/ZombieFPSbyMauro
[UnityMemory] Configuration Parameters - Can be set up in boot.config
    "memorysetup-bucket-allocator-granularity=16"
    "memorysetup-bucket-allocator-bucket-count=8"
    "memorysetup-bucket-allocator-block-size=33554432"
    "memorysetup-bucket-allocator-block-count=8"
    "memorysetup-main-allocator-block-size=16777216"
    "memorysetup-thread-allocator-block-size=16777216"
    "memorysetup-gfx-main-allocator-block-size=16777216"
    "memorysetup-gfx-thread-allocator-block-size=16777216"
    "memorysetup-cache-allocator-block-size=4194304"
    "memorysetup-typetree-allocator-block-size=2097152"
    "memorysetup-profiler-bucket-allocator-granularity=16"
    "memorysetup-profiler-bucket-allocator-bucket-count=8"
    "memorysetup-profiler-bucket-allocator-block-size=33554432"
    "memorysetup-profiler-bucket-allocator-block-count=8"
    "memorysetup-profiler-allocator-block-size=16777216"
    "memorysetup-profiler-editor-allocator-block-size=1048576"
    "memorysetup-temp-allocator-size-main=16777216"
    "memorysetup-job-temp-allocator-block-size=2097152"
    "memorysetup-job-temp-allocator-block-size-background=1048576"
    "memorysetup-job-temp-allocator-reduction-small-platforms=262144"
    "memorysetup-allocator-temp-initial-block-size-main=262144"
    "memorysetup-allocator-temp-initial-block-size-worker=262144"
    "memorysetup-temp-allocator-size-background-worker=32768"
    "memorysetup-temp-allocator-size-job-worker=262144"
    "memorysetup-temp-allocator-size-preload-manager=33554432"
    "memorysetup-temp-allocator-size-nav-mesh-worker=65536"
    "memorysetup-temp-allocator-size-audio-worker=65536"
    "memorysetup-temp-allocator-size-cloud-worker=32768"
    "memorysetup-temp-allocator-size-gi-baking-worker=262144"
    "memorysetup-temp-allocator-size-gfx=262144"
Player connection [13040] Host "[IP] 192.168.1.68 [Port] 0 [Flags] 2 [Guid] 2902222902 [EditorId] 2902222902 [Version] 1048832 [Id] WindowsEditor(7,Mauro-Cunha) [Debug] 1 [PackageName] WindowsEditor [ProjectName] Editor" joined multi-casting on [225.0.0.222:54997]...

Player connection [13040] Host "[IP] 192.168.1.68 [Port] 0 [Flags] 2 [Guid] 2902222902 [EditorId] 2902222902 [Version] 1048832 [Id] WindowsEditor(7,Mauro-Cunha) [Debug] 1 [PackageName] WindowsEditor [ProjectName] Editor" joined alternative multi-casting on [225.0.0.222:34997]...

[Physics::Module] Initialized MultithreadedJobDispatcher with 11 workers.
Refreshing native plugins compatible for Editor in 34.91 ms, found 3 plugins.
Preloading 0 native plugins for Editor in 0.00 ms.
Initialize engine version: 2022.3.30f1 (70558241b701)
[Subsystems] Discovering subsystems at path C:/Program Files/Unity/Hub/Editor/2022.3.30f1/Editor/Data/Resources/UnitySubsystems
[Subsystems] Discovering subsystems at path C:/Users/Mauro Cunha/ZombieFPSbyMauro/Assets
GfxDevice: creating device client; threaded=0; jobified=0
Direct3D:
    Version:  Direct3D 11.0 [level 11.1]
    Renderer: NVIDIA GeForce GTX 1070 with Max-Q Design (ID=0x1ba1)
    Vendor:   NVIDIA
    VRAM:     8060 MB
    Driver:   32.0.15.6070
Shader 'WFX/Transparent Diffuse': fallback shader 'Particles/Alpha Blended' not found
Shader 'WFX/Transparent Specular': fallback shader 'Particles/Alpha Blended' not found
Initialize mono
Mono path[0] = 'C:/Program Files/Unity/Hub/Editor/2022.3.30f1/Editor/Data/Managed'
Mono path[1] = 'C:/Program Files/Unity/Hub/Editor/2022.3.30f1/Editor/Data/MonoBleedingEdge/lib/mono/unityjit-win32'
Mono config path = 'C:/Program Files/Unity/Hub/Editor/2022.3.30f1/Editor/Data/MonoBleedingEdge/etc'
Using monoOptions --debugger-agent=transport=dt_socket,embedding=1,server=y,suspend=n,address=127.0.0.1:56992
Begin MonoManager ReloadAssembly
Registering precompiled unity dll's ...
Register platform support module: C:/Program Files/Unity/Hub/Editor/2022.3.30f1/Editor/Data/PlaybackEngines/WebGLSupport/UnityEditor.WebGL.Extensions.dll
Register platform support module: C:/Program Files/Unity/Hub/Editor/2022.3.30f1/Editor/Data/PlaybackEngines/WindowsStandaloneSupport/UnityEditor.WindowsStandalone.Extensions.dll
Registered in 0.028068 seconds.
- Loaded All Assemblies, in  0.860 seconds
Native extension for WindowsStandalone target not found
Native extension for WebGL target not found
Mono: successfully reloaded assembly
- Finished resetting the current domain, in  0.570 seconds
Domain Reload Profiling: 1422ms
	BeginReloadAssembly (241ms)
		ExecutionOrderSort (0ms)
		DisableScriptedObjects (0ms)
		BackupInstance (0ms)
		ReleaseScriptingObjects (0ms)
		CreateAndSetChildDomain (1ms)
	RebuildCommonClasses (75ms)
	RebuildNativeTypeToScriptingClass (22ms)
	initialDomainReloadingComplete (144ms)
	LoadAllAssembliesAndSetupDomain (370ms)
		LoadAssemblies (236ms)
		RebuildTransferFunctionScriptingTraits (0ms)
		AnalyzeDomain (364ms)
			TypeCache.Refresh (360ms)
				TypeCache.ScanAssembly (322ms)
			ScanForSourceGeneratedMonoScriptInfo (1ms)
			ResolveRequiredComponents (1ms)
	FinalizeReload (571ms)
		ReleaseScriptCaches (0ms)
		RebuildScriptCaches (0ms)
		SetupLoadedEditorAssemblies (440ms)
			LogAssemblyErrors (0ms)
			InitializePlatformSupportModulesInManaged (27ms)
			SetLoadedEditorAssemblies (11ms)
			RefreshPlugins (0ms)
			BeforeProcessingInitializeOnLoad (4ms)
			ProcessInitializeOnLoadAttributes (302ms)
			ProcessInitializeOnLoadMethodAttributes (95ms)
			AfterProcessingInitializeOnLoad (0ms)
			EditorAssembliesLoaded (0ms)
		ExecutionOrderSort2 (0ms)
		AwakeInstancesAfterBackupRestoration (0ms)
========================================================================
Worker process is ready to serve import requests
Begin MonoManager ReloadAssembly
- Loaded All Assemblies, in  1.382 seconds
Refreshing native plugins compatible for Editor in 9.68 ms, found 3 plugins.
Native extension for WindowsStandalone target not found
Native extension for WebGL target not found
Package Manager log level set to [2]
[Package Manager] Server::EnsureServerProcessIsRunning -- launch failed, reason: Unity was launched with the -noUpm command-line argument
[Package Manager] UpmClient::Send -- Unable to send message (not connected to UPM process).
[Package Manager] Cannot connect to Unity Package Manager local server
Mono: successfully reloaded assembly
- Finished resetting the current domain, in  1.219 seconds
Domain Reload Profiling: 2591ms
	BeginReloadAssembly (310ms)
		ExecutionOrderSort (0ms)
		DisableScriptedObjects (11ms)
		BackupInstance (0ms)
		ReleaseScriptingObjects (0ms)
		CreateAndSetChildDomain (41ms)
	RebuildCommonClasses (71ms)
	RebuildNativeTypeToScriptingClass (22ms)
	initialDomainReloadingComplete (98ms)
	LoadAllAssembliesAndSetupDomain (870ms)
		LoadAssemblies (664ms)
		RebuildTransferFunctionScriptingTraits (0ms)
		AnalyzeDomain (391ms)
			TypeCache.Refresh (346ms)
				TypeCache.ScanAssembly (320ms)
			ScanForSourceGeneratedMonoScriptInfo (31ms)
			ResolveRequiredComponents (11ms)
	FinalizeReload (1220ms)
		ReleaseScriptCaches (0ms)
		RebuildScriptCaches (0ms)
		SetupLoadedEditorAssemblies (913ms)
			LogAssemblyErrors (0ms)
			InitializePlatformSupportModulesInManaged (18ms)
			SetLoadedEditorAssemblies (9ms)
			RefreshPlugins (0ms)
			BeforeProcessingInitializeOnLoad (142ms)
			ProcessInitializeOnLoadAttributes (679ms)
			ProcessInitializeOnLoadMethodAttributes (43ms)
			AfterProcessingInitializeOnLoad (23ms)
			EditorAssembliesLoaded (0ms)
		ExecutionOrderSort2 (0ms)
		AwakeInstancesAfterBackupRestoration (15ms)
Shader 'WFX/Transparent Specular': fallback shader 'Particles/Alpha Blended' not found
Shader 'WFX/Transparent Diffuse': fallback shader 'Particles/Alpha Blended' not found
Launched and connected shader compiler UnityShaderCompiler.exe after 0.10 seconds
Refreshing native plugins compatible for Editor in 10.29 ms, found 3 plugins.
Preloading 0 native plugins for Editor in 0.00 ms.
Unloading 3196 Unused Serialized files (Serialized files now loaded: 0)
Unloading 33 unused Assets / (59.4 KB). Loaded Objects now: 3680.
Memory consumption went from 138.3 MB to 138.2 MB.
Total: 5.790300 ms (FindLiveObjects: 0.400700 ms CreateObjectMapping: 0.447700 ms MarkObjects: 4.699300 ms  DeleteObjects: 0.240500 ms)

AssetImportParameters requested are different than current active one (requested -> active):
  custom:scripting/monoscript/fileName/GameSceneManager.cs: cac3f82ccb5667383e20c9a9e512a2f7 -> 
  custom:container-demuxer-ogg: 62fdf1f143b41e24485cea50d1cbac27 -> 
  custom:video-decoder-ogg-theora: a1e56fd34408186e4bbccfd4996cb3dc -> 
  custom:framework-win-MediaFoundation: 216162199b28c13a410421893ffa2e32 -> 
  custom:CustomObjectIndexerAttribute: 9a22284fe3817be447336de3de66b15e -> 
  custom:container-demuxer-webm: 4f35f7cbe854078d1ac9338744f61a02 -> 
  custom:container-muxer-webm: aa71ff27fc2769a1b78a27578f13a17b -> 
  custom:video-decoder-webm-vp8: 9c59270c3fd7afecdb556c50c9e8de78 -> 
  custom:SearchIndexIgnoredProperties: e643bd26f0fe6173181afceb89e7c659 -> 
  custom:AudioImporter_EditorPlatform: d09bf68614088b80899f8185d706f6e7 -> 
  custom:video-encoder-webm-vp8: eb34c28f22e8b96e1ab97ce403110664 -> 
  custom:audio-decoder-ogg-vorbis: bf7c407c2cedff20999df2af8eb42d56 -> 
  custom:audio-encoder-webm-vorbis: bf7c407c2cedff20999df2af8eb42d56 -> 
========================================================================
Received Import Request.
  Time since last request: 462641.879264 seconds.
  path: Assets/Old Sea Port/prefabs/Materials/maple_leaves__BigTree_leaves_png.mat
  artifactKey: Guid(65857fcb087857c43b1183c4a13dc959) Importer(815301076,1909f56bfc062723c751e8b465ee728b)
Start importing Assets/Old Sea Port/prefabs/Materials/maple_leaves__BigTree_leaves_png.mat using Guid(65857fcb087857c43b1183c4a13dc959) Importer(815301076,1909f56bfc062723c751e8b465ee728b)  -> (artifact id: '6fd427f3908d70476701c46a61d9684e') in 0.218139 seconds
Number of updated asset objects reloaded before import = 0
Number of asset objects unloaded after import = 1
========================================================================
Received Import Request.
  Time since last request: 1.445115 seconds.
  path: Assets/Old Sea Port/mesh/barrel.fbx
  artifactKey: Guid(dccefce15f3680742b1f2b9ee8f95dd8) Importer(815301076,1909f56bfc062723c751e8b465ee728b)
Start importing Assets/Old Sea Port/mesh/barrel.fbx using Guid(dccefce15f3680742b1f2b9ee8f95dd8) Importer(815301076,1909f56bfc062723c751e8b465ee728b)  -> (artifact id: 'e2659e376338cf449028908468affc83') in 0.094798 seconds
Number of updated asset objects reloaded before import = 0
Number of asset objects unloaded after import = 7
========================================================================
Received Import Request.
  Time since last request: 0.000034 seconds.
  path: Assets/Old Sea Port/mesh/bottle.fbx
  artifactKey: Guid(d2e718e3487d65f4e982de3713b184a6) Importer(815301076,1909f56bfc062723c751e8b465ee728b)
Start importing Assets/Old Sea Port/mesh/bottle.fbx using Guid(d2e718e3487d65f4e982de3713b184a6) Importer(815301076,1909f56bfc062723c751e8b465ee728b)  -> (artifact id: '18f5a2cefe5f16a8568a7dfe00cd649c') in 0.031749 seconds
Number of updated asset objects reloaded before import = 0
Number of asset objects unloaded after import = 7
========================================================================
Received Import Request.
  Time since last request: 0.000034 seconds.
  path: Assets/Old Sea Port/mesh/building_segment_3.fbx
  artifactKey: Guid(b06924d9cdbb1574983828a10340bf52) Importer(815301076,1909f56bfc062723c751e8b465ee728b)
Start importing Assets/Old Sea Port/mesh/building_segment_3.fbx using Guid(b06924d9cdbb1574983828a10340bf52) Importer(815301076,1909f56bfc062723c751e8b465ee728b)  -> (artifact id: '84314d7f4a3773861876d8a9fd5dd24e') in 0.035814 seconds
Number of updated asset objects reloaded before import = 0
Number of asset objects unloaded after import = 7
========================================================================
Received Import Request.
  Time since last request: 0.000036 seconds.
  path: Assets/Old Sea Port/mesh/chair.fbx
  artifactKey: Guid(42b0d009ef33b5b488d26678ec1faa22) Importer(815301076,1909f56bfc062723c751e8b465ee728b)
Start importing Assets/Old Sea Port/mesh/chair.fbx using Guid(42b0d009ef33b5b488d26678ec1faa22) Importer(815301076,1909f56bfc062723c751e8b465ee728b)  -> (artifact id: '9b5384a8530137eb8063f8fd339e67de') in 0.031194 seconds
Number of updated asset objects reloaded before import = 0
Number of asset objects unloaded after import = 7
========================================================================
Received Import Request.
  Time since last request: 0.000030 seconds.
  path: Assets/Old Sea Port/mesh/dock_2.fbx
  artifactKey: Guid(96f68129d85fbc340987bf3fe5fb6079) Importer(815301076,1909f56bfc062723c751e8b465ee728b)
Start importing Assets/Old Sea Port/mesh/dock_2.fbx using Guid(96f68129d85fbc340987bf3fe5fb6079) Importer(815301076,1909f56bfc062723c751e8b465ee728b)  -> (artifact id: 'a7d378ae772e1716e9984bde9b09f3a0') in 0.052633 seconds
Number of updated asset objects reloaded before import = 0
Number of asset objects unloaded after import = 16
========================================================================
Received Import Request.
  Time since last request: 0.000043 seconds.
  path: Assets/Old Sea Port/mesh/hammer.fbx
  artifactKey: Guid(cfd984fc4f7f10c4eb63402c8dc759a2) Importer(815301076,1909f56bfc062723c751e8b465ee728b)
Start importing Assets/Old Sea Port/mesh/hammer.fbx using Guid(cfd984fc4f7f10c4eb63402c8dc759a2) Importer(815301076,1909f56bfc062723c751e8b465ee728b)  -> (artifact id: 'ddd3fb14afc3c552de8ced28e4baa991') in 0.032202 seconds
Number of updated asset objects reloaded before import = 0
Number of asset objects unloaded after import = 9
========================================================================
Received Import Request.
  Time since last request: 0.000031 seconds.
  path: Assets/Old Sea Port/mesh/fence_gate.fbx
  artifactKey: Guid(b2cfdd5ceba6f884e9553575bacbc921) Importer(815301076,1909f56bfc062723c751e8b465ee728b)
Start importing Assets/Old Sea Port/mesh/fence_gate.fbx using Guid(b2cfdd5ceba6f884e9553575bacbc921) Importer(815301076,1909f56bfc062723c751e8b465ee728b)  -> (artifact id: '1f61acce177cb5fce3052a9282f59554') in 0.031852 seconds
Number of updated asset objects reloaded before import = 0
Number of asset objects unloaded after import = 7
========================================================================
Received Import Request.
  Time since last request: 0.000032 seconds.
  path: Assets/Old Sea Port/mesh/brick_wall_1.fbx
  artifactKey: Guid(5b10a3532c8c3cc4da4dc079804cdf2a) Importer(815301076,1909f56bfc062723c751e8b465ee728b)
Start importing Assets/Old Sea Port/mesh/brick_wall_1.fbx using Guid(5b10a3532c8c3cc4da4dc079804cdf2a) Importer(815301076,1909f56bfc062723c751e8b465ee728b)  -> (artifact id: '6148ac290b551c556c22c4f60bdd2c9c') in 0.054109 seconds
Number of updated asset objects reloaded before import = 0
Number of asset objects unloaded after import = 15
========================================================================
Received Import Request.
  Time since last request: 0.000028 seconds.
  path: Assets/Old Sea Port/mesh/post_2.fbx
  artifactKey: Guid(188259caed4c91d4fa37496fab8084ec) Importer(815301076,1909f56bfc062723c751e8b465ee728b)
Start importing Assets/Old Sea Port/mesh/post_2.fbx using Guid(188259caed4c91d4fa37496fab8084ec) Importer(815301076,1909f56bfc062723c751e8b465ee728b)  -> (artifact id: '21d198d0899e08cfe0a3eaff12a7c2ae') in 0.031487 seconds
Number of updated asset objects reloaded before import = 0
Number of asset objects unloaded after import = 7
========================================================================
Received Import Request.
  Time since last request: 0.000025 seconds.
  path: Assets/Old Sea Port/mesh/stairs_wood_spiral.fbx
  artifactKey: Guid(a3983032df6f6a4498ab985c4088f21d) Importer(815301076,1909f56bfc062723c751e8b465ee728b)
Start importing Assets/Old Sea Port/mesh/stairs_wood_spiral.fbx using Guid(a3983032df6f6a4498ab985c4088f21d) Importer(815301076,1909f56bfc062723c751e8b465ee728b)  -> (artifact id: '28d3741fbe4c01f88508411bf05dd1f2') in 0.057098 seconds
Number of updated asset objects reloaded before import = 0
Number of asset objects unloaded after import = 16
========================================================================
Received Import Request.
  Time since last request: 0.000041 seconds.
  path: Assets/Old Sea Port/mesh/mooring_rope_holder.fbx
  artifactKey: Guid(2a6baaf4ee4ed4649a1c0c74be99a7f2) Importer(815301076,1909f56bfc062723c751e8b465ee728b)
Start importing Assets/Old Sea Port/mesh/mooring_rope_holder.fbx using Guid(2a6baaf4ee4ed4649a1c0c74be99a7f2) Importer(815301076,1909f56bfc062723c751e8b465ee728b)  -> (artifact id: '9355467481688d6188e95d10f82a2c06') in 0.061831 seconds
Number of updated asset objects reloaded before import = 0
Number of asset objects unloaded after import = 16
========================================================================
Received Import Request.
  Time since last request: 0.000052 seconds.
  path: Assets/Old Sea Port/mesh/log_1.fbx
  artifactKey: Guid(c4cc542ae7512ef458debcc6dee326dc) Importer(815301076,1909f56bfc062723c751e8b465ee728b)
Start importing Assets/Old Sea Port/mesh/log_1.fbx using Guid(c4cc542ae7512ef458debcc6dee326dc) Importer(815301076,1909f56bfc062723c751e8b465ee728b)  -> (artifact id: '07941181ee11628cc5e7ecb9fd95f188') in 0.064198 seconds
Number of updated asset objects reloaded before import = 0
Number of asset objects unloaded after import = 13
========================================================================
Received Import Request.
  Time since last request: 0.000027 seconds.
  path: Assets/Old Sea Port/mesh/workbench.fbx
  artifactKey: Guid(e11e5e8a26ce863468d2da27e1abe812) Importer(815301076,1909f56bfc062723c751e8b465ee728b)
Start importing Assets/Old Sea Port/mesh/workbench.fbx using Guid(e11e5e8a26ce863468d2da27e1abe812) Importer(815301076,1909f56bfc062723c751e8b465ee728b)  -> (artifact id: 'e7c85f76cd0b10eead872306a7cf9d6f') in 0.034022 seconds
Number of updated asset objects reloaded before import = 0
Number of asset objects unloaded after import = 7
========================================================================
Received Import Request.
  Time since last request: 0.000036 seconds.
  path: Assets/Old Sea Port/mesh/Old Sea Port_Tree.fbx
  artifactKey: Guid(bc1283a4efa3cd647924ae2bca1f366a) Importer(815301076,1909f56bfc062723c751e8b465ee728b)
Start importing Assets/Old Sea Port/mesh/Old Sea Port_Tree.fbx using Guid(bc1283a4efa3cd647924ae2bca1f366a) Importer(815301076,1909f56bfc062723c751e8b465ee728b)  -> (artifact id: '1f33f6bb31108c7ed0803bccee1d434d') in 0.031537 seconds
Number of updated asset objects reloaded before import = 0
Number of asset objects unloaded after import = 8
========================================================================
Received Import Request.
  Time since last request: 1.726270 seconds.
  path: Assets/Old Sea Port/Materials/Iron_1.mat
  artifactKey: Guid(d538140f4435d554bb657ee6910ad9ef) Importer(815301076,1909f56bfc062723c751e8b465ee728b)
Start importing Assets/Old Sea Port/Materials/Iron_1.mat using Guid(d538140f4435d554bb657ee6910ad9ef) Importer(815301076,1909f56bfc062723c751e8b465ee728b)  -> (artifact id: '2efe91d13a03055651aac68452346927') in 0.030966 seconds
Number of updated asset objects reloaded before import = 0
Number of asset objects unloaded after import = 2
========================================================================
Received Import Request.
  Time since last request: 0.000030 seconds.
  path: Assets/Old Sea Port/Materials/Log_End_Shiny.mat
  artifactKey: Guid(257e47870a41c144f895fd29184b1517) Importer(815301076,1909f56bfc062723c751e8b465ee728b)
Start importing Assets/Old Sea Port/Materials/Log_End_Shiny.mat using Guid(257e47870a41c144f895fd29184b1517) Importer(815301076,1909f56bfc062723c751e8b465ee728b)  -> (artifact id: '31f40dc7cadbbe1c681c13378476f857') in 0.068968 seconds
Number of updated asset objects reloaded before import = 0
Number of asset objects unloaded after import = 5
========================================================================
Received Import Request.
  Time since last request: 0.000042 seconds.
  path: Assets/Old Sea Port/Materials/maple_leaves.mat
  artifactKey: Guid(c0fa5e353eba45741a90fe6de147e112) Importer(815301076,1909f56bfc062723c751e8b465ee728b)
Start importing Assets/Old Sea Port/Materials/maple_leaves.mat using Guid(c0fa5e353eba45741a90fe6de147e112) Importer(815301076,1909f56bfc062723c751e8b465ee728b)  -> (artifact id: 'ce1fcfec0b8bd34f81c1fcb13ec66d8c') in 0.486865 seconds
Number of updated asset objects reloaded before import = 0
Number of asset objects unloaded after import = 3
========================================================================
Received Import Request.
  Time since last request: 0.000030 seconds.
  path: Assets/Old Sea Port/Materials/Rooftiles.mat
  artifactKey: Guid(0f142ca19d247964dbdb02184863dac4) Importer(815301076,1909f56bfc062723c751e8b465ee728b)
Start importing Assets/Old Sea Port/Materials/Rooftiles.mat using Guid(0f142ca19d247964dbdb02184863dac4) Importer(815301076,1909f56bfc062723c751e8b465ee728b)  -> (artifact id: '7ec4e677942ccce5d8c3243805752f35') in 0.032182 seconds
Number of updated asset objects reloaded before import = 0
Number of asset objects unloaded after import = 3
========================================================================
Received Import Request.
  Time since last request: 0.000056 seconds.
  path: Assets/Old Sea Port/Materials/planks_shiny.mat
  artifactKey: Guid(d856bef9752f4b94792d16ec0dfbaa6b) Importer(815301076,1909f56bfc062723c751e8b465ee728b)
Start importing Assets/Old Sea Port/Materials/planks_shiny.mat using Guid(d856bef9752f4b94792d16ec0dfbaa6b) Importer(815301076,1909f56bfc062723c751e8b465ee728b)  -> (artifact id: 'ea175010b0f423359423d119a71517b2') in 0.038861 seconds
Number of updated asset objects reloaded before import = 0
Number of asset objects unloaded after import = 4
========================================================================
Received Import Request.
  Time since last request: 0.000038 seconds.
  path: Assets/Old Sea Port/Materials/rope.mat
  artifactKey: Guid(247fd6fe4b10e444fae354baca12fe76) Importer(815301076,1909f56bfc062723c751e8b465ee728b)
Start importing Assets/Old Sea Port/Materials/rope.mat using Guid(247fd6fe4b10e444fae354baca12fe76) Importer(815301076,1909f56bfc062723c751e8b465ee728b)  -> (artifact id: 'f84097927612c9f46371295d738f02e9') in 0.036095 seconds
Number of updated asset objects reloaded before import = 0
Number of asset objects unloaded after import = 3
Editor requested this worker to shutdown with reason: Scaling down because of idle timeout
TcpMessagingSession - receive error: operation aborted. errorcode: 995, details: A operação de E/S foi cancelada devido a uma saída do módulo ou a um pedido da aplicação.
AssetImportWorker is now disconnected from the server
Process exiting
Exiting without the bug reporter. Application will terminate with return code 0