Using pre-set license
Built from '2022.3/staging' branch; Version is '2022.3.30f1 (70558241b701) revision 7361922'; Using compiler version '192829333'; Build Type 'Release'
OS: 'Windows 11  (10.0.22631) 64bit Core' Language: 'pt' Physical Memory: 32610 MB
BatchMode: 1, IsHumanControllingUs: 0, StartBugReporterOnCrash: 0, Is64bit: 1, IsPro: 1

COMMAND LINE ARGUMENTS:
C:\Program Files\Unity\Hub\Editor\2022.3.30f1\Editor\Unity.exe
-adb2
-batchMode
-noUpm
-name
AssetImportWorker6
-projectPath
C:/Users/Mauro Cunha/ZombieFPSbyMauro
-logFile
Logs/AssetImportWorker6.log
-srvPort
51525
Successfully changed project path to: C:/Users/Mauro Cunha/ZombieFPSbyMauro
C:/Users/Mauro Cunha/ZombieFPSbyMauro
[UnityMemory] Configuration Parameters - Can be set up in boot.config
    "memorysetup-bucket-allocator-granularity=16"
    "memorysetup-bucket-allocator-bucket-count=8"
    "memorysetup-bucket-allocator-block-size=33554432"
    "memorysetup-bucket-allocator-block-count=8"
    "memorysetup-main-allocator-block-size=16777216"
    "memorysetup-thread-allocator-block-size=16777216"
    "memorysetup-gfx-main-allocator-block-size=16777216"
    "memorysetup-gfx-thread-allocator-block-size=16777216"
    "memorysetup-cache-allocator-block-size=4194304"
    "memorysetup-typetree-allocator-block-size=2097152"
    "memorysetup-profiler-bucket-allocator-granularity=16"
    "memorysetup-profiler-bucket-allocator-bucket-count=8"
    "memorysetup-profiler-bucket-allocator-block-size=33554432"
    "memorysetup-profiler-bucket-allocator-block-count=8"
    "memorysetup-profiler-allocator-block-size=16777216"
    "memorysetup-profiler-editor-allocator-block-size=1048576"
    "memorysetup-temp-allocator-size-main=16777216"
    "memorysetup-job-temp-allocator-block-size=2097152"
    "memorysetup-job-temp-allocator-block-size-background=1048576"
    "memorysetup-job-temp-allocator-reduction-small-platforms=262144"
    "memorysetup-allocator-temp-initial-block-size-main=262144"
    "memorysetup-allocator-temp-initial-block-size-worker=262144"
    "memorysetup-temp-allocator-size-background-worker=32768"
    "memorysetup-temp-allocator-size-job-worker=262144"
    "memorysetup-temp-allocator-size-preload-manager=33554432"
    "memorysetup-temp-allocator-size-nav-mesh-worker=65536"
    "memorysetup-temp-allocator-size-audio-worker=65536"
    "memorysetup-temp-allocator-size-cloud-worker=32768"
    "memorysetup-temp-allocator-size-gi-baking-worker=262144"
    "memorysetup-temp-allocator-size-gfx=262144"
Player connection [1636] Host "[IP] 192.168.1.68 [Port] 0 [Flags] 2 [Guid] 3921628453 [EditorId] 3921628453 [Version] 1048832 [Id] WindowsEditor(7,Mauro-Cunha) [Debug] 1 [PackageName] WindowsEditor [ProjectName] Editor" joined multi-casting on [225.0.0.222:54997]...

Player connection [1636] Host "[IP] 192.168.1.68 [Port] 0 [Flags] 2 [Guid] 3921628453 [EditorId] 3921628453 [Version] 1048832 [Id] WindowsEditor(7,Mauro-Cunha) [Debug] 1 [PackageName] WindowsEditor [ProjectName] Editor" joined alternative multi-casting on [225.0.0.222:34997]...

[Physics::Module] Initialized MultithreadedJobDispatcher with 11 workers.
Refreshing native plugins compatible for Editor in 30.49 ms, found 3 plugins.
Preloading 0 native plugins for Editor in 0.00 ms.
Initialize engine version: 2022.3.30f1 (70558241b701)
[Subsystems] Discovering subsystems at path C:/Program Files/Unity/Hub/Editor/2022.3.30f1/Editor/Data/Resources/UnitySubsystems
[Subsystems] Discovering subsystems at path C:/Users/Mauro Cunha/ZombieFPSbyMauro/Assets
GfxDevice: creating device client; threaded=0; jobified=0
Direct3D:
    Version:  Direct3D 11.0 [level 11.1]
    Renderer: NVIDIA GeForce GTX 1070 with Max-Q Design (ID=0x1ba1)
    Vendor:   NVIDIA
    VRAM:     8060 MB
    Driver:   32.0.15.6070
Shader 'WFX/Transparent Diffuse': fallback shader 'Particles/Alpha Blended' not found
Shader 'WFX/Transparent Specular': fallback shader 'Particles/Alpha Blended' not found
Initialize mono
Mono path[0] = 'C:/Program Files/Unity/Hub/Editor/2022.3.30f1/Editor/Data/Managed'
Mono path[1] = 'C:/Program Files/Unity/Hub/Editor/2022.3.30f1/Editor/Data/MonoBleedingEdge/lib/mono/unityjit-win32'
Mono config path = 'C:/Program Files/Unity/Hub/Editor/2022.3.30f1/Editor/Data/MonoBleedingEdge/etc'
Using monoOptions --debugger-agent=transport=dt_socket,embedding=1,server=y,suspend=n,address=127.0.0.1:56960
Begin MonoManager ReloadAssembly
Registering precompiled unity dll's ...
Register platform support module: C:/Program Files/Unity/Hub/Editor/2022.3.30f1/Editor/Data/PlaybackEngines/WebGLSupport/UnityEditor.WebGL.Extensions.dll
Register platform support module: C:/Program Files/Unity/Hub/Editor/2022.3.30f1/Editor/Data/PlaybackEngines/WindowsStandaloneSupport/UnityEditor.WindowsStandalone.Extensions.dll
Registered in 0.031797 seconds.
- Loaded All Assemblies, in  0.850 seconds
Native extension for WindowsStandalone target not found
Native extension for WebGL target not found
Mono: successfully reloaded assembly
- Finished resetting the current domain, in  0.555 seconds
Domain Reload Profiling: 1398ms
	BeginReloadAssembly (251ms)
		ExecutionOrderSort (0ms)
		DisableScriptedObjects (0ms)
		BackupInstance (0ms)
		ReleaseScriptingObjects (0ms)
		CreateAndSetChildDomain (1ms)
	RebuildCommonClasses (77ms)
	RebuildNativeTypeToScriptingClass (23ms)
	initialDomainReloadingComplete (161ms)
	LoadAllAssembliesAndSetupDomain (329ms)
		LoadAssemblies (246ms)
		RebuildTransferFunctionScriptingTraits (0ms)
		AnalyzeDomain (323ms)
			TypeCache.Refresh (321ms)
				TypeCache.ScanAssembly (290ms)
			ScanForSourceGeneratedMonoScriptInfo (1ms)
			ResolveRequiredComponents (1ms)
	FinalizeReload (556ms)
		ReleaseScriptCaches (0ms)
		RebuildScriptCaches (0ms)
		SetupLoadedEditorAssemblies (433ms)
			LogAssemblyErrors (0ms)
			InitializePlatformSupportModulesInManaged (23ms)
			SetLoadedEditorAssemblies (10ms)
			RefreshPlugins (0ms)
			BeforeProcessingInitializeOnLoad (4ms)
			ProcessInitializeOnLoadAttributes (294ms)
			ProcessInitializeOnLoadMethodAttributes (101ms)
			AfterProcessingInitializeOnLoad (0ms)
			EditorAssembliesLoaded (0ms)
		ExecutionOrderSort2 (0ms)
		AwakeInstancesAfterBackupRestoration (0ms)
========================================================================
Worker process is ready to serve import requests
Begin MonoManager ReloadAssembly
- Loaded All Assemblies, in  1.331 seconds
Refreshing native plugins compatible for Editor in 10.15 ms, found 3 plugins.
Native extension for WindowsStandalone target not found
Native extension for WebGL target not found
Package Manager log level set to [2]
[Package Manager] Server::EnsureServerProcessIsRunning -- launch failed, reason: Unity was launched with the -noUpm command-line argument
[Package Manager] UpmClient::Send -- Unable to send message (not connected to UPM process).
[Package Manager] Cannot connect to Unity Package Manager local server
Mono: successfully reloaded assembly
- Finished resetting the current domain, in  1.207 seconds
Domain Reload Profiling: 2528ms
	BeginReloadAssembly (305ms)
		ExecutionOrderSort (0ms)
		DisableScriptedObjects (12ms)
		BackupInstance (0ms)
		ReleaseScriptingObjects (0ms)
		CreateAndSetChildDomain (35ms)
	RebuildCommonClasses (99ms)
	RebuildNativeTypeToScriptingClass (23ms)
	initialDomainReloadingComplete (94ms)
	LoadAllAssembliesAndSetupDomain (799ms)
		LoadAssemblies (628ms)
		RebuildTransferFunctionScriptingTraits (0ms)
		AnalyzeDomain (358ms)
			TypeCache.Refresh (313ms)
				TypeCache.ScanAssembly (286ms)
			ScanForSourceGeneratedMonoScriptInfo (31ms)
			ResolveRequiredComponents (12ms)
	FinalizeReload (1208ms)
		ReleaseScriptCaches (0ms)
		RebuildScriptCaches (0ms)
		SetupLoadedEditorAssemblies (904ms)
			LogAssemblyErrors (0ms)
			InitializePlatformSupportModulesInManaged (17ms)
			SetLoadedEditorAssemblies (9ms)
			RefreshPlugins (0ms)
			BeforeProcessingInitializeOnLoad (136ms)
			ProcessInitializeOnLoadAttributes (675ms)
			ProcessInitializeOnLoadMethodAttributes (42ms)
			AfterProcessingInitializeOnLoad (23ms)
			EditorAssembliesLoaded (0ms)
		ExecutionOrderSort2 (0ms)
		AwakeInstancesAfterBackupRestoration (14ms)
Shader 'WFX/Transparent Specular': fallback shader 'Particles/Alpha Blended' not found
Shader 'WFX/Transparent Diffuse': fallback shader 'Particles/Alpha Blended' not found
Launched and connected shader compiler UnityShaderCompiler.exe after 0.10 seconds
Refreshing native plugins compatible for Editor in 10.13 ms, found 3 plugins.
Preloading 0 native plugins for Editor in 0.00 ms.
Unloading 3196 Unused Serialized files (Serialized files now loaded: 0)
Unloading 33 unused Assets / (59.4 KB). Loaded Objects now: 3680.
Memory consumption went from 138.3 MB to 138.2 MB.
Total: 5.251100 ms (FindLiveObjects: 0.389600 ms CreateObjectMapping: 0.357000 ms MarkObjects: 4.286100 ms  DeleteObjects: 0.216200 ms)

AssetImportParameters requested are different than current active one (requested -> active):
  custom:scripting/monoscript/fileName/GameSceneManager.cs: cac3f82ccb5667383e20c9a9e512a2f7 -> 
  custom:container-demuxer-ogg: 62fdf1f143b41e24485cea50d1cbac27 -> 
  custom:video-decoder-ogg-theora: a1e56fd34408186e4bbccfd4996cb3dc -> 
  custom:framework-win-MediaFoundation: 216162199b28c13a410421893ffa2e32 -> 
  custom:CustomObjectIndexerAttribute: 9a22284fe3817be447336de3de66b15e -> 
  custom:container-demuxer-webm: 4f35f7cbe854078d1ac9338744f61a02 -> 
  custom:container-muxer-webm: aa71ff27fc2769a1b78a27578f13a17b -> 
  custom:video-decoder-webm-vp8: 9c59270c3fd7afecdb556c50c9e8de78 -> 
  custom:SearchIndexIgnoredProperties: e643bd26f0fe6173181afceb89e7c659 -> 
  custom:AudioImporter_EditorPlatform: d09bf68614088b80899f8185d706f6e7 -> 
  custom:video-encoder-webm-vp8: eb34c28f22e8b96e1ab97ce403110664 -> 
  custom:audio-decoder-ogg-vorbis: bf7c407c2cedff20999df2af8eb42d56 -> 
  custom:audio-encoder-webm-vorbis: bf7c407c2cedff20999df2af8eb42d56 -> 
========================================================================
Received Import Request.
  Time since last request: 462483.876039 seconds.
  path: Assets/Old Sea Port/textures/Clouds Cookie.tif
  artifactKey: Guid(e1ab493fddd99c84db03d848f6778e97) Importer(815301076,1909f56bfc062723c751e8b465ee728b)
Start importing Assets/Old Sea Port/textures/Clouds Cookie.tif using Guid(e1ab493fddd99c84db03d848f6778e97) Importer(815301076,1909f56bfc062723c751e8b465ee728b)  -> (artifact id: '8623d45e916a0f621a866ac7cc36947d') in 0.628337 seconds
Number of updated asset objects reloaded before import = 0
Number of asset objects unloaded after import = 2
========================================================================
Received Import Request.
  Time since last request: 0.000193 seconds.
  path: Assets/TextMesh Pro/Sprites/EmojiOne.png
  artifactKey: Guid(dffef66376be4fa480fb02b19edbe903) Importer(815301076,1909f56bfc062723c751e8b465ee728b)
Start importing Assets/TextMesh Pro/Sprites/EmojiOne.png using Guid(dffef66376be4fa480fb02b19edbe903) Importer(815301076,1909f56bfc062723c751e8b465ee728b)  -> (artifact id: '70e971a05be65b114b0e8eb38d3b05ac') in 0.040837 seconds
Number of updated asset objects reloaded before import = 0
Number of asset objects unloaded after import = 2
========================================================================
Received Import Request.
  Time since last request: 0.000236 seconds.
  path: Assets/Old Sea Port/EffectExamples/Shared/Textures/CloudsOcclusion.tif
  artifactKey: Guid(86ad23c623f950a4997067186e283be5) Importer(815301076,1909f56bfc062723c751e8b465ee728b)
Start importing Assets/Old Sea Port/EffectExamples/Shared/Textures/CloudsOcclusion.tif using Guid(86ad23c623f950a4997067186e283be5) Importer(815301076,1909f56bfc062723c751e8b465ee728b)  -> (artifact id: '0e0083cf682ea8f5cb7f5646e209089d') in 0.051551 seconds
Number of updated asset objects reloaded before import = 0
Number of asset objects unloaded after import = 2
========================================================================
Received Import Request.
  Time since last request: 0.000036 seconds.
  path: Assets/Old Sea Port/EffectExamples/Shared/Textures/fleshNormals.tif
  artifactKey: Guid(82b123d008de09948adc8d1433889121) Importer(815301076,1909f56bfc062723c751e8b465ee728b)
Start importing Assets/Old Sea Port/EffectExamples/Shared/Textures/fleshNormals.tif using Guid(82b123d008de09948adc8d1433889121) Importer(815301076,1909f56bfc062723c751e8b465ee728b)  -> (artifact id: '3e9b5afd03fcafa467e87714b17ea225') in 0.135746 seconds
Number of updated asset objects reloaded before import = 0
Number of asset objects unloaded after import = 2
========================================================================
Received Import Request.
  Time since last request: 0.013999 seconds.
  path: Assets/Old Sea Port/textures/Cobblestone_Metallic.png
  artifactKey: Guid(e1af42f80bed5a545b83e936c0de886d) Importer(815301076,1909f56bfc062723c751e8b465ee728b)
Start importing Assets/Old Sea Port/textures/Cobblestone_Metallic.png using Guid(e1af42f80bed5a545b83e936c0de886d) Importer(815301076,1909f56bfc062723c751e8b465ee728b)  -> (artifact id: '9cab56e716afdcef117a464ff5e5b921') in 0.066095 seconds
Number of updated asset objects reloaded before import = 0
Number of asset objects unloaded after import = 2
========================================================================
Received Import Request.
  Time since last request: 0.014853 seconds.
  path: Assets/Old Sea Port/textures/dirt_1.png
  artifactKey: Guid(b075d48064d55484f8f593efb6941674) Importer(815301076,1909f56bfc062723c751e8b465ee728b)
Start importing Assets/Old Sea Port/textures/dirt_1.png using Guid(b075d48064d55484f8f593efb6941674) Importer(815301076,1909f56bfc062723c751e8b465ee728b)  -> (artifact id: '5dd85be481441a844a2ed37634f150e9') in 0.067177 seconds
Number of updated asset objects reloaded before import = 0
Number of asset objects unloaded after import = 2
========================================================================
Received Import Request.
  Time since last request: 38.705992 seconds.
  path: Assets/Old Sea Port/Skyboxes/Textures/Eerie/Eerie_down.tif
  artifactKey: Guid(8ca0735e520b5fc40a4e41b42fc288ea) Importer(815301076,1909f56bfc062723c751e8b465ee728b)
Start importing Assets/Old Sea Port/Skyboxes/Textures/Eerie/Eerie_down.tif using Guid(8ca0735e520b5fc40a4e41b42fc288ea) Importer(815301076,1909f56bfc062723c751e8b465ee728b)  -> (artifact id: '04d0499feb319ec94c2bc9fdaa50485e') in 0.073554 seconds
Number of updated asset objects reloaded before import = 0
Number of asset objects unloaded after import = 1
========================================================================
Received Import Request.
  Time since last request: 12.264898 seconds.
  path: Assets/Old Sea Port/Skyboxes/Textures/Eerie/Eerie_down.tif
  artifactKey: Guid(8ca0735e520b5fc40a4e41b42fc288ea) Importer(815301076,1909f56bfc062723c751e8b465ee728b)
Start importing Assets/Old Sea Port/Skyboxes/Textures/Eerie/Eerie_down.tif using Guid(8ca0735e520b5fc40a4e41b42fc288ea) Importer(815301076,1909f56bfc062723c751e8b465ee728b)  -> (artifact id: '483fc040a7fcb5e96fa65138df2f79ea') in 0.025074 seconds
Number of updated asset objects reloaded before import = 0
Number of asset objects unloaded after import = 1
========================================================================
Received Import Request.
  Time since last request: 11.610064 seconds.
  path: Assets/Old Sea Port/Skyboxes/Textures/Eerie/Eerie_down.tif
  artifactKey: Guid(8ca0735e520b5fc40a4e41b42fc288ea) Importer(815301076,1909f56bfc062723c751e8b465ee728b)
Start importing Assets/Old Sea Port/Skyboxes/Textures/Eerie/Eerie_down.tif using Guid(8ca0735e520b5fc40a4e41b42fc288ea) Importer(815301076,1909f56bfc062723c751e8b465ee728b)  -> (artifact id: '74995ccfa1fcc2fc188821d9e325172d') in 0.023604 seconds
Number of updated asset objects reloaded before import = 0
Number of asset objects unloaded after import = 1
========================================================================
Received Import Request.
  Time since last request: 13.123740 seconds.
  path: Assets/Old Sea Port/Skyboxes/Textures/Eerie/Eerie_down.tif
  artifactKey: Guid(8ca0735e520b5fc40a4e41b42fc288ea) Importer(815301076,1909f56bfc062723c751e8b465ee728b)
Start importing Assets/Old Sea Port/Skyboxes/Textures/Eerie/Eerie_down.tif using Guid(8ca0735e520b5fc40a4e41b42fc288ea) Importer(815301076,1909f56bfc062723c751e8b465ee728b)  -> (artifact id: 'cd1bf51c276096d249081a203d433878') in 0.020927 seconds
Number of updated asset objects reloaded before import = 0
Number of asset objects unloaded after import = 2
========================================================================
Received Import Request.
  Time since last request: 73.070962 seconds.
  path: Assets/Old Sea Port/textures/Bark_Grey.png
  artifactKey: Guid(3f2eecefbf7d5f44984eb80814ae8f24) Importer(815301076,1909f56bfc062723c751e8b465ee728b)
Start importing Assets/Old Sea Port/textures/Bark_Grey.png using Guid(3f2eecefbf7d5f44984eb80814ae8f24) Importer(815301076,1909f56bfc062723c751e8b465ee728b)  -> (artifact id: '4595767d7d0706b1f12f0f65761548fe') in 0.024958 seconds
Number of updated asset objects reloaded before import = 0
Number of asset objects unloaded after import = 2
========================================================================
Received Import Request.
  Time since last request: 0.006092 seconds.
  path: Assets/Old Sea Port/textures/Bark_Grey_4.png
  artifactKey: Guid(2d88a8a58b86d3c42a673e1d9034409a) Importer(815301076,1909f56bfc062723c751e8b465ee728b)
Start importing Assets/Old Sea Port/textures/Bark_Grey_4.png using Guid(2d88a8a58b86d3c42a673e1d9034409a) Importer(815301076,1909f56bfc062723c751e8b465ee728b)  -> (artifact id: 'ef750e24abee0093dcf80b6a30cac4bc') in 0.026446 seconds
Number of updated asset objects reloaded before import = 0
Number of asset objects unloaded after import = 2
========================================================================
Received Import Request.
  Time since last request: 0.000137 seconds.
  path: Assets/Old Sea Port/textures/branch_maple.png
  artifactKey: Guid(77a24ca2d6791064da084e1c5db814b6) Importer(815301076,1909f56bfc062723c751e8b465ee728b)
Start importing Assets/Old Sea Port/textures/branch_maple.png using Guid(77a24ca2d6791064da084e1c5db814b6) Importer(815301076,1909f56bfc062723c751e8b465ee728b)  -> (artifact id: 'dc2c19e8d7056cd283f34ede1b036101') in 0.023152 seconds
Number of updated asset objects reloaded before import = 0
Number of asset objects unloaded after import = 2
========================================================================
Received Import Request.
  Time since last request: 0.000098 seconds.
  path: Assets/Old Sea Port/textures/Brick_wall_normal.png
  artifactKey: Guid(aba0372edfc437b4e8a9003ecf26ca4f) Importer(815301076,1909f56bfc062723c751e8b465ee728b)
Start importing Assets/Old Sea Port/textures/Brick_wall_normal.png using Guid(aba0372edfc437b4e8a9003ecf26ca4f) Importer(815301076,1909f56bfc062723c751e8b465ee728b)  -> (artifact id: '046e1c8c92e5b447f9898042f01cfda5') in 0.043250 seconds
Number of updated asset objects reloaded before import = 0
Number of asset objects unloaded after import = 2
========================================================================
Received Import Request.
  Time since last request: 0.000060 seconds.
  path: Assets/Old Sea Port/textures/Log_End_1.png
  artifactKey: Guid(48e5cdcdbcbc64f41ac71a1916835188) Importer(815301076,1909f56bfc062723c751e8b465ee728b)
Start importing Assets/Old Sea Port/textures/Log_End_1.png using Guid(48e5cdcdbcbc64f41ac71a1916835188) Importer(815301076,1909f56bfc062723c751e8b465ee728b)  -> (artifact id: '88b9edada01a65f5c5715fb19d098867') in 0.027439 seconds
Number of updated asset objects reloaded before import = 0
Number of asset objects unloaded after import = 2
========================================================================
Received Import Request.
  Time since last request: 0.000142 seconds.
  path: Assets/Old Sea Port/textures/Brick_Wall_Metallic.png
  artifactKey: Guid(2c3cac3e2fe53f34089d2fe02fdfde58) Importer(815301076,1909f56bfc062723c751e8b465ee728b)
Start importing Assets/Old Sea Port/textures/Brick_Wall_Metallic.png using Guid(2c3cac3e2fe53f34089d2fe02fdfde58) Importer(815301076,1909f56bfc062723c751e8b465ee728b)  -> (artifact id: '1ef8c9c41b712e441440e32a1748532a') in 0.021986 seconds
Number of updated asset objects reloaded before import = 0
Number of asset objects unloaded after import = 2
========================================================================
Received Import Request.
  Time since last request: 0.000192 seconds.
  path: Assets/Old Sea Port/textures/Brick_Wall_Metallic 2.png
  artifactKey: Guid(750737eca5e65114fb9043ec4733623a) Importer(815301076,1909f56bfc062723c751e8b465ee728b)
Start importing Assets/Old Sea Port/textures/Brick_Wall_Metallic 2.png using Guid(750737eca5e65114fb9043ec4733623a) Importer(815301076,1909f56bfc062723c751e8b465ee728b)  -> (artifact id: '6c8b3725df6944a3a49daffd0b595d22') in 0.023659 seconds
Number of updated asset objects reloaded before import = 0
Number of asset objects unloaded after import = 2
========================================================================
Received Import Request.
  Time since last request: 0.000025 seconds.
  path: Assets/Old Sea Port/textures/Brick_Wall_Occlusion.png
  artifactKey: Guid(947d2f8b002d964479658be1ede6c20c) Importer(815301076,1909f56bfc062723c751e8b465ee728b)
Start importing Assets/Old Sea Port/textures/Brick_Wall_Occlusion.png using Guid(947d2f8b002d964479658be1ede6c20c) Importer(815301076,1909f56bfc062723c751e8b465ee728b)  -> (artifact id: '59f792b12f5101de4236e9fe82ab10d5') in 0.029690 seconds
Number of updated asset objects reloaded before import = 0
Number of asset objects unloaded after import = 2
========================================================================
Received Import Request.
  Time since last request: 0.000129 seconds.
  path: Assets/Old Sea Port/textures/Rooftiles.png
  artifactKey: Guid(df3dcc1fbf4ce1d4aa1361159004567b) Importer(815301076,1909f56bfc062723c751e8b465ee728b)
Start importing Assets/Old Sea Port/textures/Rooftiles.png using Guid(df3dcc1fbf4ce1d4aa1361159004567b) Importer(815301076,1909f56bfc062723c751e8b465ee728b)  -> (artifact id: 'e72b3209340659045aa52f8eba85258b') in 0.028702 seconds
Number of updated asset objects reloaded before import = 0
Number of asset objects unloaded after import = 2
========================================================================
Received Import Request.
  Time since last request: 0.000043 seconds.
  path: Assets/Old Sea Port/textures/branch_maple_translucency.png
  artifactKey: Guid(a73439b1d26414547bdcf00ff8a5bd57) Importer(815301076,1909f56bfc062723c751e8b465ee728b)
Start importing Assets/Old Sea Port/textures/branch_maple_translucency.png using Guid(a73439b1d26414547bdcf00ff8a5bd57) Importer(815301076,1909f56bfc062723c751e8b465ee728b)  -> (artifact id: 'd032dfd81394cb273e07af5ab50a1465') in 0.027771 seconds
Number of updated asset objects reloaded before import = 0
Number of asset objects unloaded after import = 2
========================================================================
Received Import Request.
  Time since last request: 0.000049 seconds.
  path: Assets/Old Sea Port/textures/rope.png
  artifactKey: Guid(8bb74e304c595b9459763b73676acba2) Importer(815301076,1909f56bfc062723c751e8b465ee728b)
Start importing Assets/Old Sea Port/textures/rope.png using Guid(8bb74e304c595b9459763b73676acba2) Importer(815301076,1909f56bfc062723c751e8b465ee728b)  -> (artifact id: '7263ee0e625f60f6095b74021c776740') in 0.021733 seconds
Number of updated asset objects reloaded before import = 0
Number of asset objects unloaded after import = 2
========================================================================
Received Import Request.
  Time since last request: 0.000026 seconds.
  path: Assets/Old Sea Port/textures/Bark_Grey_Metallic.png
  artifactKey: Guid(ea1e2578b9b1cc2498accc121b043e0f) Importer(815301076,1909f56bfc062723c751e8b465ee728b)
Start importing Assets/Old Sea Port/textures/Bark_Grey_Metallic.png using Guid(ea1e2578b9b1cc2498accc121b043e0f) Importer(815301076,1909f56bfc062723c751e8b465ee728b)  -> (artifact id: '262a1762efbd8c58b998d79d50be96bc') in 0.025054 seconds
Number of updated asset objects reloaded before import = 0
Number of asset objects unloaded after import = 2
========================================================================
Received Import Request.
  Time since last request: 0.000085 seconds.
  path: Assets/Old Sea Port/textures/planks_1.png
  artifactKey: Guid(070cb3edcb351cd4ab6db4c57bfd8fc5) Importer(815301076,1909f56bfc062723c751e8b465ee728b)
Start importing Assets/Old Sea Port/textures/planks_1.png using Guid(070cb3edcb351cd4ab6db4c57bfd8fc5) Importer(815301076,1909f56bfc062723c751e8b465ee728b)  -> (artifact id: 'ab16bf6e89206bb99c73e9141028c790') in 0.029871 seconds
Number of updated asset objects reloaded before import = 0
Number of asset objects unloaded after import = 2
========================================================================
Received Import Request.
  Time since last request: 0.000035 seconds.
  path: Assets/Old Sea Port/textures/Barrel_Metallic.png
  artifactKey: Guid(8f9076885adb07442b8f0cafcbcb78cd) Importer(815301076,1909f56bfc062723c751e8b465ee728b)
Start importing Assets/Old Sea Port/textures/Barrel_Metallic.png using Guid(8f9076885adb07442b8f0cafcbcb78cd) Importer(815301076,1909f56bfc062723c751e8b465ee728b)  -> (artifact id: 'b5f7158b2ba906e4bd85b2cacfc53f4d') in 0.032740 seconds
Number of updated asset objects reloaded before import = 0
Number of asset objects unloaded after import = 2
========================================================================
Received Import Request.
  Time since last request: 0.000067 seconds.
  path: Assets/Old Sea Port/textures/planks_1_Metallic 2.png
  artifactKey: Guid(d4f32d4cbb3702e48b4af45a1ba4f043) Importer(815301076,1909f56bfc062723c751e8b465ee728b)
Start importing Assets/Old Sea Port/textures/planks_1_Metallic 2.png using Guid(d4f32d4cbb3702e48b4af45a1ba4f043) Importer(815301076,1909f56bfc062723c751e8b465ee728b)  -> (artifact id: '7f1e359ef34cab2a9ab32d7259d25206') in 0.026047 seconds
Number of updated asset objects reloaded before import = 0
Number of asset objects unloaded after import = 2
========================================================================
Received Import Request.
  Time since last request: 0.000037 seconds.
  path: Assets/Old Sea Port/textures/Brick_wall_1.png
  artifactKey: Guid(d5b0c3d98c949f64aacf75b764a72b9b) Importer(815301076,1909f56bfc062723c751e8b465ee728b)
Start importing Assets/Old Sea Port/textures/Brick_wall_1.png using Guid(d5b0c3d98c949f64aacf75b764a72b9b) Importer(815301076,1909f56bfc062723c751e8b465ee728b)  -> (artifact id: 'c8616ad6cdc491f9054b537d357d462f') in 0.030978 seconds
Number of updated asset objects reloaded before import = 0
Number of asset objects unloaded after import = 2
========================================================================
Received Import Request.
  Time since last request: 0.000031 seconds.
  path: Assets/Old Sea Port/textures/Canvas.png
  artifactKey: Guid(86cdca6ff04d7b24084a7525617aabd0) Importer(815301076,1909f56bfc062723c751e8b465ee728b)
Start importing Assets/Old Sea Port/textures/Canvas.png using Guid(86cdca6ff04d7b24084a7525617aabd0) Importer(815301076,1909f56bfc062723c751e8b465ee728b)  -> (artifact id: '03635760a9f84636b038c8201ee71f60') in 0.027082 seconds
Number of updated asset objects reloaded before import = 0
Number of asset objects unloaded after import = 2
========================================================================
Received Import Request.
  Time since last request: 0.000029 seconds.
  path: Assets/Old Sea Port/textures/Barrel_Metallic 2.png
  artifactKey: Guid(c394d5e62f0e19145b7e7fbe1b301a26) Importer(815301076,1909f56bfc062723c751e8b465ee728b)
Start importing Assets/Old Sea Port/textures/Barrel_Metallic 2.png using Guid(c394d5e62f0e19145b7e7fbe1b301a26) Importer(815301076,1909f56bfc062723c751e8b465ee728b)  -> (artifact id: '6007b200714da087258aac36b104a468') in 0.027266 seconds
Number of updated asset objects reloaded before import = 0
Number of asset objects unloaded after import = 2
========================================================================
Received Import Request.
  Time since last request: 0.000030 seconds.
  path: Assets/Old Sea Port/textures/Barrel.png
  artifactKey: Guid(db385adbcab4293439652164d21a5628) Importer(815301076,1909f56bfc062723c751e8b465ee728b)
Start importing Assets/Old Sea Port/textures/Barrel.png using Guid(db385adbcab4293439652164d21a5628) Importer(815301076,1909f56bfc062723c751e8b465ee728b)  -> (artifact id: '603ae3be03f7500ed482a10a03c37428') in 0.025613 seconds
Number of updated asset objects reloaded before import = 0
Number of asset objects unloaded after import = 2
========================================================================
Received Import Request.
  Time since last request: 0.989579 seconds.
  path: Assets/Old Sea Port/Water/Old Sea Port_Water.mat
  artifactKey: Guid(d93816328639b73459e52af75ae1dd84) Importer(815301076,1909f56bfc062723c751e8b465ee728b)
Start importing Assets/Old Sea Port/Water/Old Sea Port_Water.mat using Guid(d93816328639b73459e52af75ae1dd84) Importer(815301076,1909f56bfc062723c751e8b465ee728b)  -> (artifact id: '01480677915c09c75b0a1d24c302add1') in 0.519566 seconds
Number of updated asset objects reloaded before import = 0
Number of asset objects unloaded after import = 2
========================================================================
Received Import Request.
  Time since last request: 5.881020 seconds.
  path: Assets/Old Sea Port/prefabs/Materials
  artifactKey: Guid(512944a7ee4e93141b1fb1afc82f7d9a) Importer(815301076,1909f56bfc062723c751e8b465ee728b)
Start importing Assets/Old Sea Port/prefabs/Materials using Guid(512944a7ee4e93141b1fb1afc82f7d9a) Importer(815301076,1909f56bfc062723c751e8b465ee728b)  -> (artifact id: '3b5676b40faeb6a7d1db5eb5242c8d1c') in 0.001165 seconds
Number of updated asset objects reloaded before import = 0
Number of asset objects unloaded after import = 0
========================================================================
Received Import Request.
  Time since last request: 1.726405 seconds.
  path: Assets/Old Sea Port/mesh/boat_1.fbx
  artifactKey: Guid(b28782be19c0382489f049a8c11e11ff) Importer(815301076,1909f56bfc062723c751e8b465ee728b)
Start importing Assets/Old Sea Port/mesh/boat_1.fbx using Guid(b28782be19c0382489f049a8c11e11ff) Importer(815301076,1909f56bfc062723c751e8b465ee728b)  -> (artifact id: '0b032d490561a347998001e3dacdb6c4') in 0.119898 seconds
Number of updated asset objects reloaded before import = 0
Number of asset objects unloaded after import = 9
========================================================================
Received Import Request.
  Time since last request: 0.000042 seconds.
  path: Assets/Old Sea Port/mesh/building_segment_5.fbx
  artifactKey: Guid(57c2463eb8525a342959a81e4db49b37) Importer(815301076,1909f56bfc062723c751e8b465ee728b)
Start importing Assets/Old Sea Port/mesh/building_segment_5.fbx using Guid(57c2463eb8525a342959a81e4db49b37) Importer(815301076,1909f56bfc062723c751e8b465ee728b)  -> (artifact id: '4bd2ccbe0406d1175d5593779f06717d') in 0.033451 seconds
Number of updated asset objects reloaded before import = 0
Number of asset objects unloaded after import = 8
========================================================================
Received Import Request.
  Time since last request: 0.000104 seconds.
  path: Assets/Old Sea Port/mesh/building_segment_6.fbx
  artifactKey: Guid(ceaf37662ffe76840a151e0bc5b366ab) Importer(815301076,1909f56bfc062723c751e8b465ee728b)
Start importing Assets/Old Sea Port/mesh/building_segment_6.fbx using Guid(ceaf37662ffe76840a151e0bc5b366ab) Importer(815301076,1909f56bfc062723c751e8b465ee728b)  -> (artifact id: '6233369fec8890d70e9e3c0d4f4f7801') in 0.026911 seconds
Number of updated asset objects reloaded before import = 0
Number of asset objects unloaded after import = 8
========================================================================
Received Import Request.
  Time since last request: 0.000026 seconds.
  path: Assets/Old Sea Port/mesh/brick_column_1.fbx
  artifactKey: Guid(1db8014869e9de646abdb86a9b03073c) Importer(815301076,1909f56bfc062723c751e8b465ee728b)
Start importing Assets/Old Sea Port/mesh/brick_column_1.fbx using Guid(1db8014869e9de646abdb86a9b03073c) Importer(815301076,1909f56bfc062723c751e8b465ee728b)  -> (artifact id: '775832e532ac63ad91d0ce2d54146934') in 0.046778 seconds
Number of updated asset objects reloaded before import = 0
Number of asset objects unloaded after import = 15
========================================================================
Received Import Request.
  Time since last request: 0.000027 seconds.
  path: Assets/Old Sea Port/mesh/fence_segment_1.fbx
  artifactKey: Guid(ddbd88117fbb37149967fc59345bf64e) Importer(815301076,1909f56bfc062723c751e8b465ee728b)
Start importing Assets/Old Sea Port/mesh/fence_segment_1.fbx using Guid(ddbd88117fbb37149967fc59345bf64e) Importer(815301076,1909f56bfc062723c751e8b465ee728b)  -> (artifact id: '9f92b5f14c8a25b5d7b9896740d7531f') in 0.029389 seconds
Number of updated asset objects reloaded before import = 0
Number of asset objects unloaded after import = 7
========================================================================
Received Import Request.
  Time since last request: 0.000026 seconds.
  path: Assets/Old Sea Port/mesh/brick_tree_base.fbx
  artifactKey: Guid(24862a2d9bb989949893146bd2d33428) Importer(815301076,1909f56bfc062723c751e8b465ee728b)
Start importing Assets/Old Sea Port/mesh/brick_tree_base.fbx using Guid(24862a2d9bb989949893146bd2d33428) Importer(815301076,1909f56bfc062723c751e8b465ee728b)  -> (artifact id: '3fd9301512768539d4811dc6affe4e68') in 0.049898 seconds
Number of updated asset objects reloaded before import = 0
Number of asset objects unloaded after import = 18
========================================================================
Received Import Request.
  Time since last request: 0.000027 seconds.
  path: Assets/Old Sea Port/mesh/lamp_1.fbx
  artifactKey: Guid(4ab325a57b9cd6a4a937fc4a13fc2ad5) Importer(815301076,1909f56bfc062723c751e8b465ee728b)
Start importing Assets/Old Sea Port/mesh/lamp_1.fbx using Guid(4ab325a57b9cd6a4a937fc4a13fc2ad5) Importer(815301076,1909f56bfc062723c751e8b465ee728b)  -> (artifact id: '74ebf463d90c6aac303340ec023aa4ee') in 0.055407 seconds
Number of updated asset objects reloaded before import = 0
Number of asset objects unloaded after import = 16
========================================================================
Received Import Request.
  Time since last request: 0.000033 seconds.
  path: Assets/Old Sea Port/mesh/tower.fbx
  artifactKey: Guid(6d50435c0af55b74f95f6881ff19d8ff) Importer(815301076,1909f56bfc062723c751e8b465ee728b)
Start importing Assets/Old Sea Port/mesh/tower.fbx using Guid(6d50435c0af55b74f95f6881ff19d8ff) Importer(815301076,1909f56bfc062723c751e8b465ee728b)  -> (artifact id: '08612b494b591dd62a7a91ceee869dd7') in 0.034247 seconds
Number of updated asset objects reloaded before import = 0
Number of asset objects unloaded after import = 8
========================================================================
Received Import Request.
  Time since last request: 0.000049 seconds.
  path: Assets/Old Sea Port/mesh/Wood Canopy.fbx
  artifactKey: Guid(2fa7e1ef5baf7114593a7471e8065425) Importer(815301076,1909f56bfc062723c751e8b465ee728b)
Start importing Assets/Old Sea Port/mesh/Wood Canopy.fbx using Guid(2fa7e1ef5baf7114593a7471e8065425) Importer(815301076,1909f56bfc062723c751e8b465ee728b)  -> (artifact id: '728f3415a9632c5c5b953f8de4ba5242') in 0.057542 seconds
Number of updated asset objects reloaded before import = 0
Number of asset objects unloaded after import = 14
========================================================================
Received Import Request.
  Time since last request: 0.000034 seconds.
  path: Assets/Old Sea Port/mesh/plank_1.fbx
  artifactKey: Guid(e20a355c375c4bf4e8f782742812dcba) Importer(815301076,1909f56bfc062723c751e8b465ee728b)
Start importing Assets/Old Sea Port/mesh/plank_1.fbx using Guid(e20a355c375c4bf4e8f782742812dcba) Importer(815301076,1909f56bfc062723c751e8b465ee728b)  -> (artifact id: 'f0a2a06ce9d80ecf5e33f3349df8334f') in 0.042195 seconds
Number of updated asset objects reloaded before import = 0
Number of asset objects unloaded after import = 11
========================================================================
Received Import Request.
  Time since last request: 0.000028 seconds.
  path: Assets/Old Sea Port/mesh/crate_1.fbx
  artifactKey: Guid(5be8634ccfcc74841a2130c8f8a656af) Importer(815301076,1909f56bfc062723c751e8b465ee728b)
Start importing Assets/Old Sea Port/mesh/crate_1.fbx using Guid(5be8634ccfcc74841a2130c8f8a656af) Importer(815301076,1909f56bfc062723c751e8b465ee728b)  -> (artifact id: 'c99a883a319858372f1712d81d90e714') in 0.033997 seconds
Number of updated asset objects reloaded before import = 0
Number of asset objects unloaded after import = 10
========================================================================
Received Import Request.
  Time since last request: 0.000028 seconds.
  path: Assets/Old Sea Port/mesh/mooring_rope_holder_2.fbx
  artifactKey: Guid(f74e57a5ad5640f4da5eb349ae178364) Importer(815301076,1909f56bfc062723c751e8b465ee728b)
Start importing Assets/Old Sea Port/mesh/mooring_rope_holder_2.fbx using Guid(f74e57a5ad5640f4da5eb349ae178364) Importer(815301076,1909f56bfc062723c751e8b465ee728b)  -> (artifact id: 'd0a520c6e64bb54fe607c0145033eb9e') in 0.051286 seconds
Number of updated asset objects reloaded before import = 0
Number of asset objects unloaded after import = 16
========================================================================
Received Import Request.
  Time since last request: 0.000028 seconds.
  path: Assets/Old Sea Port/mesh/building_segment_2.fbx
  artifactKey: Guid(8bf66b04564362f459c70d380960818a) Importer(815301076,1909f56bfc062723c751e8b465ee728b)
Start importing Assets/Old Sea Port/mesh/building_segment_2.fbx using Guid(8bf66b04564362f459c70d380960818a) Importer(815301076,1909f56bfc062723c751e8b465ee728b)  -> (artifact id: 'a5e1a00b02cbf41d25f2c815f4cf8922') in 0.031670 seconds
Number of updated asset objects reloaded before import = 0
Number of asset objects unloaded after import = 8
========================================================================
Received Import Request.
  Time since last request: 1.751374 seconds.
  path: Assets/Old Sea Port/Materials/lamp_1.mat
  artifactKey: Guid(4701823573dc63b47945001206c99c36) Importer(815301076,1909f56bfc062723c751e8b465ee728b)
Start importing Assets/Old Sea Port/Materials/lamp_1.mat using Guid(4701823573dc63b47945001206c99c36) Importer(815301076,1909f56bfc062723c751e8b465ee728b)  -> (artifact id: '0e31447207547c1c8e8b586a3b46256e') in 0.060117 seconds
Number of updated asset objects reloaded before import = 0
Number of asset objects unloaded after import = 3
========================================================================
Received Import Request.
  Time since last request: 0.000028 seconds.
  path: Assets/Old Sea Port/Materials/Log_End.mat
  artifactKey: Guid(fe229f20750599645b732bda3b0b539f) Importer(815301076,1909f56bfc062723c751e8b465ee728b)
Start importing Assets/Old Sea Port/Materials/Log_End.mat using Guid(fe229f20750599645b732bda3b0b539f) Importer(815301076,1909f56bfc062723c751e8b465ee728b)  -> (artifact id: 'd4adcafdcf3c0304e9f061be10a5c6dd') in 0.086648 seconds
Number of updated asset objects reloaded before import = 0
Number of asset objects unloaded after import = 4
========================================================================
Received Import Request.
  Time since last request: 0.000029 seconds.
  path: Assets/Old Sea Port/Materials/SkyEerie.mat
  artifactKey: Guid(fa231042141b62943bf62a7eec685939) Importer(815301076,1909f56bfc062723c751e8b465ee728b)
Start importing Assets/Old Sea Port/Materials/SkyEerie.mat using Guid(fa231042141b62943bf62a7eec685939) Importer(815301076,1909f56bfc062723c751e8b465ee728b)  -> (artifact id: '681376db375ee1233d468bed20dfdd1d') in 0.503655 seconds
Number of updated asset objects reloaded before import = 0
Number of asset objects unloaded after import = 7
========================================================================
Received Import Request.
  Time since last request: 0.000141 seconds.
  path: Assets/Old Sea Port/Materials/planks.mat
  artifactKey: Guid(4695bd902927e834c800f82e4cd6dbca) Importer(815301076,1909f56bfc062723c751e8b465ee728b)
Start importing Assets/Old Sea Port/Materials/planks.mat using Guid(4695bd902927e834c800f82e4cd6dbca) Importer(815301076,1909f56bfc062723c751e8b465ee728b)  -> (artifact id: '3b0e1beba7c35c089f29df4da3a80610') in 0.081908 seconds
Number of updated asset objects reloaded before import = 0
Number of asset objects unloaded after import = 4
========================================================================
Received Prepare
Begin MonoManager ReloadAssembly
- Loaded All Assemblies, in  1.009 seconds
Refreshing native plugins compatible for Editor in 10.26 ms, found 3 plugins.
Native extension for WindowsStandalone target not found
Native extension for WebGL target not found
[Package Manager] Server::EnsureServerProcessIsRunning -- launch failed, reason: Unity was launched with the -noUpm command-line argument
[Package Manager] UpmClient::Send -- Unable to send message (not connected to UPM process).
[Package Manager] Cannot connect to Unity Package Manager local server
Mono: successfully reloaded assembly
- Finished resetting the current domain, in  2.221 seconds
Domain Reload Profiling: 3219ms
	BeginReloadAssembly (337ms)
		ExecutionOrderSort (0ms)
		DisableScriptedObjects (9ms)
		BackupInstance (0ms)
		ReleaseScriptingObjects (0ms)
		CreateAndSetChildDomain (73ms)
	RebuildCommonClasses (70ms)
	RebuildNativeTypeToScriptingClass (29ms)
	initialDomainReloadingComplete (84ms)
	LoadAllAssembliesAndSetupDomain (478ms)
		LoadAssemblies (648ms)
		RebuildTransferFunctionScriptingTraits (0ms)
		AnalyzeDomain (25ms)
			TypeCache.Refresh (10ms)
				TypeCache.ScanAssembly (0ms)
			ScanForSourceGeneratedMonoScriptInfo (0ms)
			ResolveRequiredComponents (13ms)
	FinalizeReload (2221ms)
		ReleaseScriptCaches (0ms)
		RebuildScriptCaches (0ms)
		SetupLoadedEditorAssemblies (1024ms)
			LogAssemblyErrors (0ms)
			InitializePlatformSupportModulesInManaged (23ms)
			SetLoadedEditorAssemblies (10ms)
			RefreshPlugins (0ms)
			BeforeProcessingInitializeOnLoad (148ms)
			ProcessInitializeOnLoadAttributes (757ms)
			ProcessInitializeOnLoadMethodAttributes (57ms)
			AfterProcessingInitializeOnLoad (29ms)
			EditorAssembliesLoaded (0ms)
		ExecutionOrderSort2 (0ms)
		AwakeInstancesAfterBackupRestoration (20ms)
Shader 'WFX/Transparent Specular': fallback shader 'Particles/Alpha Blended' not found
Shader 'WFX/Transparent Diffuse': fallback shader 'Particles/Alpha Blended' not found
Refreshing native plugins compatible for Editor in 13.10 ms, found 3 plugins.
Preloading 0 native plugins for Editor in 0.00 ms.
Unloading 3162 Unused Serialized files (Serialized files now loaded: 0)
Unloading 23 unused Assets / (30.7 KB). Loaded Objects now: 3739.
Memory consumption went from 135.7 MB to 135.7 MB.
Total: 5.923200 ms (FindLiveObjects: 0.418800 ms CreateObjectMapping: 0.646800 ms MarkObjects: 4.778500 ms  DeleteObjects: 0.076400 ms)

Prepare: number of updated asset objects reloaded= 0
AssetImportParameters requested are different than current active one (requested -> active):
  custom:scripting/monoscript/fileName/GameSceneManager.cs: cac3f82ccb5667383e20c9a9e512a2f7 -> 
  custom:container-demuxer-ogg: 62fdf1f143b41e24485cea50d1cbac27 -> 
  custom:video-decoder-ogg-theora: a1e56fd34408186e4bbccfd4996cb3dc -> 
  custom:framework-win-MediaFoundation: 216162199b28c13a410421893ffa2e32 -> 
  custom:CustomObjectIndexerAttribute: 9a22284fe3817be447336de3de66b15e -> 
  custom:container-demuxer-webm: 4f35f7cbe854078d1ac9338744f61a02 -> 
  custom:container-muxer-webm: aa71ff27fc2769a1b78a27578f13a17b -> 
  custom:video-decoder-webm-vp8: 9c59270c3fd7afecdb556c50c9e8de78 -> 
  custom:SearchIndexIgnoredProperties: e643bd26f0fe6173181afceb89e7c659 -> 
  custom:AudioImporter_EditorPlatform: d09bf68614088b80899f8185d706f6e7 -> 
  custom:video-encoder-webm-vp8: eb34c28f22e8b96e1ab97ce403110664 -> 
  custom:audio-decoder-ogg-vorbis: bf7c407c2cedff20999df2af8eb42d56 -> 
  custom:audio-encoder-webm-vorbis: bf7c407c2cedff20999df2af8eb42d56 -> 
========================================================================
Received Import Request.
  Time since last request: 146.370341 seconds.
  path: Assets/Old Sea Port/EffectExamples/Shared/Prefabs/Extinguish.prefab
  artifactKey: Guid(ec68cf3d27ad1bf48a4b4d3af84e4ded) Importer(815301076,1909f56bfc062723c751e8b465ee728b)
Start importing Assets/Old Sea Port/EffectExamples/Shared/Prefabs/Extinguish.prefab using Guid(ec68cf3d27ad1bf48a4b4d3af84e4ded) Importer(815301076,1909f56bfc062723c751e8b465ee728b)  -> (artifact id: '17b7efc16f14aabb7e189d5ee80851a7') in 1.381664 seconds
Number of updated asset objects reloaded before import = 0
Number of asset objects unloaded after import = 52
========================================================================
Received Import Request.
  Time since last request: 0.422216 seconds.
  path: Assets/Old Sea Port/EffectExamples/Shared/Materials/MetalSurface.mat
  artifactKey: Guid(4f477167fc0be5e4dab9a125b37c42ad) Importer(815301076,1909f56bfc062723c751e8b465ee728b)
Start importing Assets/Old Sea Port/EffectExamples/Shared/Materials/MetalSurface.mat using Guid(4f477167fc0be5e4dab9a125b37c42ad) Importer(815301076,1909f56bfc062723c751e8b465ee728b)  -> (artifact id: '65967fea40b1f39f6e90d8bb7c047db6') in 0.059735 seconds
Number of updated asset objects reloaded before import = 0
Number of asset objects unloaded after import = 1
========================================================================
Received Import Request.
  Time since last request: 0.000035 seconds.
  path: Assets/Old Sea Port/EffectExamples/Shared/Materials/WoodSurface.mat
  artifactKey: Guid(ce4b77858ec6c0f469b07b034c21a85f) Importer(815301076,1909f56bfc062723c751e8b465ee728b)
Start importing Assets/Old Sea Port/EffectExamples/Shared/Materials/WoodSurface.mat using Guid(ce4b77858ec6c0f469b07b034c21a85f) Importer(815301076,1909f56bfc062723c751e8b465ee728b)  -> (artifact id: '180663e4b8fcf87e31dccdc4b18167a4') in 0.043085 seconds
Number of updated asset objects reloaded before import = 0
Number of asset objects unloaded after import = 4
========================================================================
Received Import Request.
  Time since last request: 0.000027 seconds.
  path: Assets/Old Sea Port/EffectExamples/Shared/Materials/StoneSurface.mat
  artifactKey: Guid(3eb079016c4106b41bc3f19de570f770) Importer(815301076,1909f56bfc062723c751e8b465ee728b)
Start importing Assets/Old Sea Port/EffectExamples/Shared/Materials/StoneSurface.mat using Guid(3eb079016c4106b41bc3f19de570f770) Importer(815301076,1909f56bfc062723c751e8b465ee728b)  -> (artifact id: '378f8f7b3e78e5f024b587d928593ede') in 0.031770 seconds
Number of updated asset objects reloaded before import = 0
Number of asset objects unloaded after import = 3
========================================================================
Received Import Request.
  Time since last request: 37.647421 seconds.
  path: Assets/Old Sea Port/EffectExamples/Shared/Textures/BackgroundAlbedo.tif
  artifactKey: Guid(184411e5cbfcef94d90c27171a6135d6) Importer(815301076,1909f56bfc062723c751e8b465ee728b)
Start importing Assets/Old Sea Port/EffectExamples/Shared/Textures/BackgroundAlbedo.tif using Guid(184411e5cbfcef94d90c27171a6135d6) Importer(815301076,1909f56bfc062723c751e8b465ee728b)  -> (artifact id: '9e1d15543c7904c59acf9e9137d4efbd') in 0.030762 seconds
Number of updated asset objects reloaded before import = 0
Number of asset objects unloaded after import = 2
========================================================================
Received Import Request.
  Time since last request: 0.000028 seconds.
  path: Assets/Old Sea Port/EffectExamples/Shared/Textures/wood_tiled_02_n.tif
  artifactKey: Guid(43cfa3b308732c941a0fbb4334ecefcc) Importer(815301076,1909f56bfc062723c751e8b465ee728b)
Start importing Assets/Old Sea Port/EffectExamples/Shared/Textures/wood_tiled_02_n.tif using Guid(43cfa3b308732c941a0fbb4334ecefcc) Importer(815301076,1909f56bfc062723c751e8b465ee728b)  -> (artifact id: '6cd350e0cc6eb4074f511b31364d7c94') in 0.030701 seconds
Number of updated asset objects reloaded before import = 0
Number of asset objects unloaded after import = 2
========================================================================
Received Import Request.
  Time since last request: 0.000031 seconds.
  path: Assets/Old Sea Port/EffectExamples/Shared/Textures/WoodAlbedo.tif
  artifactKey: Guid(3e8f2684da783fd4284f90bce28de4c5) Importer(815301076,1909f56bfc062723c751e8b465ee728b)
Start importing Assets/Old Sea Port/EffectExamples/Shared/Textures/WoodAlbedo.tif using Guid(3e8f2684da783fd4284f90bce28de4c5) Importer(815301076,1909f56bfc062723c751e8b465ee728b)  -> (artifact id: 'b6d51377159d9e8f2b00c9920acf64d8') in 0.037720 seconds
Number of updated asset objects reloaded before import = 0
Number of asset objects unloaded after import = 2
Editor requested this worker to shutdown with reason: Scaling down because of idle timeout
TcpMessagingSession - receive error: operation aborted. errorcode: 995, details: A operação de E/S foi cancelada devido a uma saída do módulo ou a um pedido da aplicação.
AssetImportWorker is now disconnected from the server
Process exiting
Exiting without the bug reporter. Application will terminate with return code 0